<?xml version="1.0" encoding="UTF-8"?>
<TestRun id="953fae05-9ccc-432f-a283-67b31e807b41" name="lj@李靖 2019-03-26 13:30:42" runUser="李靖\lj" xmlns="http://microsoft.com/schemas/VisualStudio/TeamTest/2010">
  <TestSettings name="本地" id="d759c49a-f013-49f2-ba30-c9b9e7caf43e">
    <Description>这些设置为本地测试运行的默认测试设置。</Description>
    <Deployment enabled="false" runDeploymentRoot="lj_李靖 2019-03-26 13_30_42">
      <DeploymentItem filename="D:\阿超\Calculator\ConsoleApplication1\ConsoleApplication1\bin\Debug\ConsoleApplication1.exe" />
    </Deployment>
    <Execution>
      <TestTypeSpecific />
      <AgentRule name="Execution Agents">
      </AgentRule>
    </Execution>
  </TestSettings>
  <Times creation="2019-03-26T13:30:42.2696849+08:00" queuing="2019-03-26T13:30:42.3756910+08:00" start="2019-03-26T13:30:42.3966922+08:00" finish="2019-03-26T13:30:42.9367230+08:00" />
  <ResultSummary outcome="Failed">
    <Counters total="1" executed="1" error="0" failed="1" timeout="0" aborted="0" inconclusive="0" passedButRunAborted="0" notRunnable="0" notExecuted="0" disconnected="0" warning="0" passed="0" completed="0" inProgress="0" pending="0" />
  </ResultSummary>
  <TestDefinitions>
    <UnitTest name="TestMethod1" storage="d:\阿超\calculator\consoleapplication1\testproject1\bin\debug\testproject1.dll" id="59863143-3238-122e-4d8a-637b491cc755">
      <Execution id="052d8283-ca53-489c-a5df-240eea435e5e" />
      <TestMethod codeBase="D:/阿超/Calculator/ConsoleApplication1/TestProject1/bin/Debug/TestProject1.DLL" adapterTypeName="Microsoft.VisualStudio.TestTools.TestTypes.Unit.UnitTestAdapter, Microsoft.VisualStudio.QualityTools.Tips.UnitTest.Adapter, Version=10.0.0.0, Culture=neutral, PublicKeyToken=b03f5f7f11d50a3a" className="TestProject1.UnitTest1, TestProject1, Version=1.0.0.0, Culture=neutral, PublicKeyToken=null" name="TestMethod1" />
    </UnitTest>
  </TestDefinitions>
  <TestLists>
    <TestList name="列表中未列出的结果" id="8c84fa94-04c1-424b-9868-57a2d4851a1d" />
    <TestList name="所有已加载的结果" id="19431567-8539-422a-85d7-44ee4e166bda" />
  </TestLists>
  <TestEntries>
    <TestEntry testId="59863143-3238-122e-4d8a-637b491cc755" executionId="052d8283-ca53-489c-a5df-240eea435e5e" testListId="8c84fa94-04c1-424b-9868-57a2d4851a1d" />
  </TestEntries>
  <Results>
    <UnitTestResult executionId="052d8283-ca53-489c-a5df-240eea435e5e" testId="59863143-3238-122e-4d8a-637b491cc755" testName="TestMethod1" computerName="李靖" duration="00:00:00.0446835" startTime="2019-03-26T13:30:42.4226936+08:00" endTime="2019-03-26T13:30:42.9197221+08:00" testType="13cdc9d9-ddb5-4fa4-a97d-d965ccfc6d4b" outcome="Failed" testListId="8c84fa94-04c1-424b-9868-57a2d4851a1d" relativeResultsDirectory="052d8283-ca53-489c-a5df-240eea435e5e">
      <Output>
        <StdOut>请输入你需要的数量</StdOut>
        <ErrorInfo>
          <Message>测试方法 TestProject1.UnitTest1.TestMethod1 引发了异常: 
System.ArgumentNullException: 值不能为 null。
参数名: String</Message>
          <StackTrace>    在 System.Number.StringToNumber(String str, NumberStyles options, NumberBuffer&amp; number, NumberFormatInfo info, Boolean parseDecimal)
   在 System.Number.ParseInt32(String s, NumberStyles style, NumberFormatInfo info)
   在 System.Int32.Parse(String s)
   在 TestProject1.UnitTest1.TestMethod1() 位置 D:\阿超\Calculator\ConsoleApplication1\TestProject1\UnitTest1.cs:行号 17
</StackTrace>
        </ErrorInfo>
      </Output>
    </UnitTestResult>
  </Results>
</TestRun>